<?xml version="1.0" encoding="UTF-8"?>
<!-- Generated by org.testng.reporters.JUnitReportReporter -->
<testsuite hostname="P3B-1NRDGP2" failures="0" tests="1" name="Myfirstcode" time="0.035" errors="0" timestamp="2020-01-20T05:18:19 CST" skipped="0">
  <testcase classname="Myfirstcode" name="login" time="0.035"/>
</testsuite> <!-- Myfirstcode -->
