<?xml version="1.0" encoding="UTF-8"?>
<!-- Generated by org.testng.reporters.JUnitReportReporter -->
<testsuite hostname="P3B-1NRDGP2" failures="0" tests="1" name="Keyboard_Gesture" time="25.866" errors="0" timestamp="2020-01-22T00:31:57 CST" skipped="0">
  <testcase classname="Keyboard_Gesture" name="alertDropdown" time="25.866"/>
</testsuite> <!-- Keyboard_Gesture -->
